<?xml version="1.0" encoding="UTF-8"?>
<!-- Generated by org.testng.reporters.JUnitReportReporter -->
<testsuite hostname="WKWIN5337880" name="Test.TestExample" tests="1" failures="0" timestamp="19 Jun 2018 10:06:52 GMT" time="44.691" errors="0">
  <testcase name="facebookScroll" time="44.691" classname="Test.TestExample"/>
</testsuite> <!-- Test.TestExample -->
