<?xml version="1.0" encoding="UTF-8"?>
<!-- Generated by org.testng.reporters.JUnitReportReporter -->
<testsuite hostname="WKWIN5337880" name="Selenium.MarkSpencer" tests="1" failures="0" timestamp="20 Jun 2018 20:53:22 GMT" time="51.758" errors="0">
  <testcase name="testWomenLinks" time="51.758" classname="Selenium.MarkSpencer"/>
</testsuite> <!-- Selenium.MarkSpencer -->
