<?xml version="1.0" encoding="UTF-8"?>
<!-- Generated by org.testng.reporters.JUnitReportReporter -->
<testsuite hostname="WKWIN5337880" name="Selenium.Testa" tests="1" failures="0" timestamp="19 Jun 2018 10:25:02 GMT" time="12.625" errors="0">
  <testcase name="getList" time="12.625" classname="Selenium.Testa"/>
</testsuite> <!-- Selenium.Testa -->
